<?xml version="1.0" encoding="UTF-8"?>
<!-- Generated by org.testng.reporters.JUnitReportReporter -->
<testsuite hostname="DESKTOP-MFUE418" failures="0" tests="4" name="loginPage.LoginPageTest" time="13.016" errors="0" timestamp="2023-08-08T14:43:09 EDT" skipped="0">
  <testcase classname="loginPage.LoginPageTest" name="Verify_validation_when_AccountName_is_wrong" time="2.715"/>
  <system-out/>
  <testcase classname="loginPage.LoginPageTest" name="Verify_validation_when_username_is_wrong" time="2.622"/>
  <system-out/>
  <testcase classname="loginPage.LoginPageTest" name="Verify_validation_when_password_is_wrong" time="2.730"/>
  <system-out/>
  <testcase classname="loginPage.LoginPageTest" name="Verify_Login_Page_Working_Proper_Or_Not" time="4.949"/>
  <system-out/>
</testsuite> <!-- loginPage.LoginPageTest -->
