<?xml version="1.0" encoding="UTF-8"?>
<!-- Generated by org.testng.reporters.JUnitReportReporter -->
<testsuite hostname="DESKTOP-VK574E3" failures="0" tests="9" name="details_section.Contract.BasicTest" time="534.864" errors="0" timestamp="2023-10-27T11:30:33 EDT" skipped="0">
  <testcase classname="details_section.Contract.BasicTest" name="Verify_In_BasicSection_Transferor_Different_Criteria_working_proper_or_not" time="70.773"/>
  <testcase classname="details_section.Contract.BasicTest" name="Verify_In_BasicSection_File_Details_Conveyancer_working_proper_or_not" time="50.185"/>
  <testcase classname="details_section.Contract.BasicTest" name="Verify_In_BasicSection_Fire_Insurance_Different_fields_working_proper_or_not" time="62.961"/>
  <testcase classname="details_section.Contract.BasicTest" name="Verify_In_BasicSection_MortgageBrokerFee_field_working_proper_or_not" time="52.149"/>
  <testcase classname="details_section.Contract.BasicTest" name="Verify_In_BasicSection_Transferee_Different_Criteria_working_proper_or_not" time="70.578"/>
  <testcase classname="details_section.Contract.BasicTest" name="Verify_In_BasicSection_File_Details_Responsible_Lawyer_working_proper_or_not" time="63.371"/>
  <testcase classname="details_section.Contract.BasicTest" name="Verify_In_BasicSection_File_Details_FirmContactAddEditDelete_working_proper_or_not" time="51.026"/>
  <testcase classname="details_section.Contract.BasicTest" name="Verify_In_BasicSection_Mortgage_Broker_field_working_proper_or_not" time="63.802"/>
  <testcase classname="details_section.Contract.BasicTest" name="Verify_In_BasicSection_File_Configuration_Different_fields_working_proper_or_not" time="50.019"/>
</testsuite> <!-- details_section.Contract.BasicTest -->
