<?xml version="1.0" encoding="UTF-8"?>
<!-- Generated by org.testng.reporters.JUnitReportReporter -->
<testsuite hostname="DESKTOP-VK574E3" failures="0" tests="4" name="home.CreateNewFileTest" time="52.322" errors="0" timestamp="2023-08-01T16:17:38 EDT" skipped="0">
  <testcase classname="home.CreateNewFileTest" name="Verify_Create_New_Purchase_File" time="14.637"/>
  <system-out/>
  <testcase classname="home.CreateNewFileTest" name="Verify_Create_New_Mortgage_File" time="13.602"/>
  <system-out/>
  <testcase classname="home.CreateNewFileTest" name="Verify_Create_File_button_is_disable_or_not" time="7.270"/>
  <system-out/>
  <testcase classname="home.CreateNewFileTest" name="Verify_Create_New_Sale_File" time="16.813"/>
  <system-out/>
</testsuite> <!-- home.CreateNewFileTest -->
