<?xml version="1.0" encoding="UTF-8"?>
<!-- Generated by org.testng.reporters.JUnitReportReporter -->
<testsuite hostname="DESKTOP-MFUE418" failures="0" tests="1" name="ldd.tests.LoginTest" time="6.555" errors="0" timestamp="2023-01-12T12:17:10 EST" skipped="0">
  <testcase classname="ldd.tests.LoginTest" name="Login" time="6.555"/>
  <system-out/>
</testsuite> <!-- ldd.tests.LoginTest -->
