<?xml version="1.0" encoding="UTF-8"?>
<!-- Generated by org.testng.reporters.JUnitReportReporter -->
<testsuite hostname="DESKTOP-VK574E3" failures="0" tests="1" name="login.tests.LoginPageTest" time="4.851" errors="0" timestamp="2023-01-13T12:09:33 EST" skipped="0">
  <testcase classname="login.tests.LoginPageTest" name="Verify_Login_Page_Working_Proper_Or_Not" time="4.851"/>
  <system-out/>
</testsuite> <!-- login.tests.LoginPageTest -->
