<?xml version="1.0" encoding="UTF-8"?>
<!-- Generated by org.testng.reporters.JUnitReportReporter -->
<testsuite hostname="DESKTOP-VK574E3" failures="0" tests="2" name="home.FileListTest" time="224.172" errors="0" timestamp="2023-08-31T12:35:00 EDT" skipped="0">
  <testcase classname="home.FileListTest" name="Verify_Archive_and_Activate_option_working_proper_or_not" time="37.884"/>
  <testcase classname="home.FileListTest" name="Verify_In_Free_search_working_or_not" time="186.288"/>
</testsuite> <!-- home.FileListTest -->
