<?xml version="1.0" encoding="UTF-8"?>
<!-- Generated by org.testng.reporters.JUnitReportReporter -->
<testsuite hostname="DESKTOP-VK574E3" failures="0" tests="1"
	name="menubar_File.Create_New_File" time="3.818" errors="0"
	timestamp="2023-01-13T15:29:45 EST" skipped="0">
	<testcase classname="menubar_File.Create_New_File" name="Login" time="3.818" />
	<system-out />
</testsuite> <!-- menubar_File.Create_New_File -->
