<?xml version="1.0" encoding="UTF-8"?>
<!-- Generated by org.testng.reporters.JUnitReportReporter -->
<testsuite hostname="DESKTOP-VK574E3" failures="0" tests="4" name="loginPage.LoginPageTest" time="14.385" errors="0" timestamp="2023-08-02T13:25:38 EDT" skipped="0">
  <testcase classname="loginPage.LoginPageTest" name="Verify_validation_when_password_is_wrong" time="3.041"/>
  <system-out/>
  <testcase classname="loginPage.LoginPageTest" name="Verify_validation_when_username_is_wrong" time="2.936"/>
  <system-out/>
  <testcase classname="loginPage.LoginPageTest" name="Verify_validation_when_AccountName_is_wrong" time="4.752"/>
  <system-out/>
  <testcase classname="loginPage.LoginPageTest" name="Verify_Login_Page_Working_Proper_Or_Not" time="3.656"/>
  <system-out/>
</testsuite> <!-- loginPage.LoginPageTest -->
