<?xml version="1.0" encoding="UTF-8"?>
<!-- Generated by org.testng.reporters.JUnitReportReporter -->
<testsuite hostname="DESKTOP-VK574E3" failures="0" tests="12" name="home.AdvanceSearchFilterTest" time="594.332" errors="0" timestamp="2023-12-22T11:42:40 EST" skipped="0">
  <testcase classname="home.AdvanceSearchFilterTest" name="Verify_In_Advance_search_Client_name_Criteria_working_or_not" time="48.241"/>
  <testcase classname="home.AdvanceSearchFilterTest" name="Verify_Cancel_button_working_or_not" time="17.113"/>
  <testcase classname="home.AdvanceSearchFilterTest" name="Verify_In_Advance_search_Firm_Contact_Critria_working_or_not" time="49.324"/>
  <testcase classname="home.AdvanceSearchFilterTest" name="Verify_In_Advance_search_Property_Type_Criteria_working_or_not" time="113.458"/>
  <testcase classname="home.AdvanceSearchFilterTest" name="Verify_In_Advance_search_Closing_date_Criteria_working_or_not" time="26.384"/>
  <testcase classname="home.AdvanceSearchFilterTest" name="Verify_In_Advance_search_Responsible_Lawyer_Critria_working_or_not" time="48.897"/>
  <testcase classname="home.AdvanceSearchFilterTest" name="Verify_In_Advance_search_File_Status_Critria_working_or_not" time="26.079"/>
  <testcase classname="home.AdvanceSearchFilterTest" name="Verify_In_Advance_search_Reline_Criteria_working_or_not" time="102.034"/>
  <testcase classname="home.AdvanceSearchFilterTest" name="Verify_In_Advance_search_File_Types_Criteria_working_or_not" time="27.147"/>
  <testcase classname="home.AdvanceSearchFilterTest" name="Verify_In_Advance_search_Lawyer_name_Criteria_working_or_not" time="49.448"/>
  <testcase classname="home.AdvanceSearchFilterTest" name="Verify_In_Advance_search_Address_Criteria_working_or_not" time="37.242"/>
  <testcase classname="home.AdvanceSearchFilterTest" name="Verify_In_Advance_search_Other_side_File_name_Criteria_working_or_not" time="48.965"/>
</testsuite> <!-- home.AdvanceSearchFilterTest -->
