<?xml version="1.0" encoding="UTF-8"?>
<!-- Generated by org.testng.reporters.JUnitReportReporter -->
<testsuite hostname="DESKTOP-VK574E3" failures="0" tests="1" name="details_section.Contract.ContractTest" time="56.520" errors="0" timestamp="2023-10-24T09:46:40 EDT" skipped="0">
  <testcase classname="details_section.Contract.ContractTest" name="Verify_in_RealEstateCommissions_section_Broker_functionality_working_proper_or_not" time="56.520"/>
</testsuite> <!-- details_section.Contract.ContractTest -->
