<?xml version="1.0" encoding="UTF-8"?>
<!-- Generated by org.testng.reporters.JUnitReportReporter -->
<testsuite hostname="DESKTOP-VK574E3" failures="0" tests="1" name="notes_and_pin.NotesTest" time="349.578" errors="0" timestamp="2024-04-16T11:16:30 EDT" skipped="0">
  <testcase classname="notes_and_pin.NotesTest" name="verify_badge_dropdown_working_or_not" time="349.578"/>
</testsuite> <!-- notes_and_pin.NotesTest -->
