<?xml version="1.0" encoding="UTF-8"?>
<!-- Generated by org.testng.reporters.JUnitReportReporter -->
<testsuite hostname="DESKTOP-MFUE418" failures="0" tests="1" name="cucumber.TestNGTestRunner" time="4.079" errors="0" timestamp="2023-08-18T14:27:01 EDT" skipped="0">
  <testcase classname="cucumber.TestNGTestRunner" name="runScenario" time="4.079"/>
  <system-out/>
</testsuite> <!-- cucumber.TestNGTestRunner -->
