<?xml version="1.0" encoding="UTF-8"?>
<!-- Generated by org.testng.reporters.JUnitReportReporter -->
<testsuite hostname="DESKTOP-VK574E3" failures="0" tests="1"
	name="details_section.Contract.ContractTest" time="109.547" errors="0"
	timestamp="2024-01-04T11:53:42 EST" skipped="0">
	<testcase classname="details_section.Contract.ContractTest"
		name="Verify_Lawyer_field_with_Law_Society_of_Ontario_functionality"
		time="109.547" />
</testsuite> <!-- details_section.Contract.ContractTest -->
