<?xml version="1.0" encoding="UTF-8"?>
<!-- Generated by org.testng.reporters.JUnitReportReporter -->
<testsuite hostname="DESKTOP-MFUE418" failures="0" tests="6" name="home.CreateNewFileTest" time="61.262" errors="0" timestamp="2023-08-09T13:39:25 EDT" skipped="0">
  <testcase classname="home.CreateNewFileTest" name="Verify_Create_button_should_be_Enable_or_Disable_based_on_condition" time="6.761"/>
  <system-out/>
  <testcase classname="home.CreateNewFileTest" name="verify_warning_message_while_provide_same_name_that_already_exist_in_database" time="8.061"/>
  <system-out/>
  <testcase classname="home.CreateNewFileTest" name="Verify_Create_New_Purchase_File" time="10.804"/>
  <system-out/>
  <testcase classname="home.CreateNewFileTest" name="verify_Fields_should_be_reflect_based_on_File_types" time="6.085"/>
  <system-out/>
  <testcase classname="home.CreateNewFileTest" name="Verify_Create_New_Sale_File" time="13.761"/>
  <system-out/>
  <testcase classname="home.CreateNewFileTest" name="Verify_Create_New_Mortgage_File" time="15.790"/>
  <system-out/>
</testsuite> <!-- home.CreateNewFileTest -->
