<?xml version="1.0" encoding="UTF-8"?>
<!-- Generated by org.testng.reporters.JUnitReportReporter -->
<testsuite hostname="DESKTOP-VK574E3" failures="0" tests="4" name="loginPage.LoginPageTest" time="47.785" errors="0" timestamp="2023-10-27T11:08:10 EDT" skipped="0">
  <testcase classname="loginPage.LoginPageTest" name="Verify_validation_when_password_is_wrong" time="12.596"/>
  <testcase classname="loginPage.LoginPageTest" name="Verify_validation_when_username_is_wrong" time="5.030"/>
  <testcase classname="loginPage.LoginPageTest" name="Verify_validation_when_AccountName_is_wrong" time="12.772"/>
  <testcase classname="loginPage.LoginPageTest" name="Verify_Login_Page_Working_Proper_Or_Not" time="17.387"/>
</testsuite> <!-- loginPage.LoginPageTest -->
