<?xml version="1.0" encoding="UTF-8"?>
<!-- Generated by org.testng.reporters.JUnitReportReporter -->
<testsuite hostname="DESKTOP-VK574E3" failures="0" tests="2" name="usermanagement.UserManagementTest" time="24.781" errors="0" timestamp="2023-01-13T09:50:59 EST" skipped="0">
  <testcase classname="usermanagement.UserManagementTest" name="Verify_New_User_Functionality" time="5.365"/>
  <system-out/>
  <testcase classname="usermanagement.UserManagementTest" name="Verify_User_management_Option_available_or_not" time="19.416"/>
  <system-out/>
</testsuite> <!-- usermanagement.UserManagementTest -->
