<?xml version="1.0" encoding="UTF-8"?>
<!-- Generated by org.testng.reporters.JUnitReportReporter -->
<testsuite hostname="DESKTOP-VK574E3" failures="0" tests="4" name="loginPage.LoginPage" time="77.394" errors="0" timestamp="2023-01-13T13:57:02 EST" skipped="0">
  <testcase classname="loginPage.LoginPage" name="Verify_validation_when_username_is_wrong" time="18.355"/>
  <system-out/>
  <testcase classname="loginPage.LoginPage" name="Verify_validation_when_AccountName_is_wrong" time="20.129"/>
  <system-out/>
  <testcase classname="loginPage.LoginPage" name="Verify_validation_when_password_is_wrong" time="18.830"/>
  <system-out/>
  <testcase classname="loginPage.LoginPage" name="Verify_Login_Page_Working_Proper_Or_Not" time="20.080"/>
  <system-out/>
</testsuite> <!-- loginPage.LoginPage -->
