<?xml version="1.0" encoding="UTF-8"?>
<!-- Generated by org.testng.reporters.JUnitReportReporter -->
<testsuite hostname="DESKTOP-MFUE418" failures="0" tests="1" name="cucumberOptions.TestNGTestRunner" time="5.976" errors="0" timestamp="2023-08-22T12:18:19 EDT" skipped="0">
  <testcase classname="cucumberOptions.TestNGTestRunner" name="runScenario" time="5.976"/>
  <system-out/>
</testsuite> <!-- cucumberOptions.TestNGTestRunner -->
