<?xml version="1.0" encoding="UTF-8"?>
<!-- Generated by org.testng.reporters.JUnitReportReporter -->
<testsuite hostname="DESKTOP-VK574E3" failures="0" tests="2" name="home.FileListTest" time="438.704" errors="0" timestamp="2023-10-27T15:30:37 EDT" skipped="0">
  <testcase classname="home.FileListTest" name="Verify_Archive_and_Activate_option_working_proper_or_not" time="32.230"/>
  <testcase classname="home.FileListTest" name="Verify_Free_search_Functionality_working_or_not" time="406.474"/>
</testsuite> <!-- home.FileListTest -->
