<?xml version="1.0" encoding="UTF-8"?>
<!-- Generated by org.testng.reporters.JUnitReportReporter -->
<testsuite hostname="DESKTOP-VK574E3" failures="0" tests="4" name="menubar_File.CreateNewFileTest" time="69.825" errors="0" timestamp="2023-01-30T14:29:18 EST" skipped="0">
  <testcase classname="menubar_File.CreateNewFileTest" name="Verify_Create_New_Purchase_File" time="16.238"/>
  <system-out/>
  <testcase classname="menubar_File.CreateNewFileTest" name="Verify_Create_New_Mortgage_File" time="17.015"/>
  <system-out/>
  <testcase classname="menubar_File.CreateNewFileTest" name="Verify_Create_New_Sale_File" time="14.774"/>
  <system-out/>
  <testcase classname="menubar_File.CreateNewFileTest" name="Verify_Create_File_button_is_disable_or_not" time="21.798"/>
  <system-out/>
</testsuite> <!-- menubar_File.CreateNewFileTest -->
