<?xml version="1.0" encoding="UTF-8"?>
<!-- Generated by org.testng.reporters.JUnitReportReporter -->
<testsuite hostname="DESKTOP-VK574E3" failures="0" tests="2" name="details_section.Buyer_Seller_Side.Buyer_SideTest" time="104.631" errors="0" timestamp="2023-11-16T10:47:13 EST" skipped="0">
  <testcase classname="details_section.Buyer_Seller_Side.Buyer_SideTest" name="Verify_Buyer_Side_all_Three_options_working_proper_or_not" time="52.000"/>
  <testcase classname="details_section.Buyer_Seller_Side.Buyer_SideTest" name="Verify_Move_Up_Move_Down_Delete_and_ID_Verification_icon_working_proper_or_not" time="52.631"/>
</testsuite> <!-- details_section.Buyer_Seller_Side.Buyer_SideTest -->
