<?xml version="1.0" encoding="UTF-8"?>
<!-- Generated by org.testng.reporters.JUnitReportReporter -->
<testsuite hostname="DESKTOP-VK574E3" failures="0" tests="2" name="home.FileListTest" time="294.435" errors="0" timestamp="2023-10-27T11:08:10 EDT" skipped="0">
  <testcase classname="home.FileListTest" name="Verify_Free_search_Functionality_working_or_not" time="263.400"/>
  <testcase classname="home.FileListTest" name="Verify_Archive_and_Activate_option_working_proper_or_not" time="31.035"/>
</testsuite> <!-- home.FileListTest -->
