<?xml version="1.0" encoding="UTF-8"?>
<!-- Generated by org.testng.reporters.JUnitReportReporter -->
<testsuite hostname="DESKTOP-MFUE418" failures="0" tests="1" name="company.tests.LoginTest" time="15.062" errors="0" timestamp="2023-01-11T16:41:56 EST" skipped="0">
  <testcase classname="company.tests.LoginTest" name="Login" time="15.062"/>
  <system-out/>
</testsuite> <!-- company.tests.LoginTest -->
