<?xml version="1.0" encoding="UTF-8"?>
<!-- Generated by org.testng.reporters.JUnitReportReporter -->
<testsuite hostname="DESKTOP-VK574E3" failures="0" tests="12" name="home.AdvanceSearchFilterTest" time="489.808" errors="1" timestamp="2023-10-27T11:08:10 EDT" skipped="0">
  <testcase classname="home.AdvanceSearchFilterTest" name="Verify_In_Advance_search_Lawyer_name_Criteria_working_or_not" time="26.012"/>
  <testcase classname="home.AdvanceSearchFilterTest" name="Verify_In_Advance_search_File_Status_Critria_working_or_not" time="26.647"/>
  <testcase classname="home.AdvanceSearchFilterTest" name="Verify_In_Advance_search_Responsible_Lawyer_Critria_working_or_not" time="49.830"/>
  <testcase classname="home.AdvanceSearchFilterTest" name="Verify_In_Advance_search_Address_Criteria_working_or_not" time="37.131"/>
  <testcase classname="home.AdvanceSearchFilterTest" name="Verify_In_Advance_search_Other_side_File_name_Criteria_working_or_not" time="26.064"/>
  <testcase classname="home.AdvanceSearchFilterTest" name="Verify_In_Advance_search_Client_name_Criteria_working_or_not" time="49.062"/>
  <testcase classname="home.AdvanceSearchFilterTest" name="Verify_In_Advance_search_Closing_date_Criteria_working_or_not" time="26.514"/>
  <testcase classname="home.AdvanceSearchFilterTest" name="Verify_In_Advance_search_File_Types_Criteria_working_or_not" time="26.999"/>
  <testcase classname="home.AdvanceSearchFilterTest" name="Verify_In_Advance_search_Firm_Contact_Critria_working_or_not" time="25.995"/>
  <testcase classname="home.AdvanceSearchFilterTest" name="Verify_Cancel_button_working_or_not" time="15.928"/>
  <testcase classname="home.AdvanceSearchFilterTest" name="Verify_In_Advance_search_Reline_Criteria_working_or_not" time="102.428"/>
  <testcase classname="home.AdvanceSearchFilterTest" name="Verify_In_Advance_search_Property_Type_Criteria_working_or_not" time="77.198">
    <error message="Expected condition failed: waiting for visibility of element located by By.xpath: //span[@class=&#039;item-name&#039; and contains(text(),&#039;Property&#039;)] (tried for 20 second(s) with 500 milliseconds interval)
Build info: version: &#039;4.11.0&#039;, revision: &#039;040bc5406b&#039;
System info: os.name: &#039;Windows 11&#039;, os.arch: &#039;amd64&#039;, os.version: &#039;10.0&#039;, java.version: &#039;17.0.5&#039;
Driver info: org.openqa.selenium.chrome.ChromeDriver
Capabilities {acceptInsecureCerts: false, browserName: chrome, browserVersion: 118.0.5993.118, chrome: {chromedriverVersion: 118.0.5993.70 (e52f33f30b91..., userDataDir: C:\Users\utsavi\AppData\Loc...}, fedcm:accounts: true, goog:chromeOptions: {debuggerAddress: localhost:55188}, networkConnectionEnabled: false, pageLoadStrategy: normal, platformName: windows, proxy: Proxy(), se:cdp: ws://localhost:55188/devtoo..., se:cdpVersion: 118.0.5993.118, setWindowRect: true, strictFileInteractability: false, timeouts: {implicit: 0, pageLoad: 300000, script: 30000}, unhandledPromptBehavior: dismiss and notify, webauthn:extension:credBlob: true, webauthn:extension:largeBlob: true, webauthn:extension:minPinLength: true, webauthn:extension:prf: true, webauthn:virtualAuthenticators: true}
Session ID: 57b75964205dd41465dceabfbad9f7a4" type="org.openqa.selenium.TimeoutException">
      <![CDATA[org.openqa.selenium.TimeoutException: Expected condition failed: waiting for visibility of element located by By.xpath: //span[@class='item-name' and contains(text(),'Property')] (tried for 20 second(s) with 500 milliseconds interval)
Build info: version: '4.11.0', revision: '040bc5406b'
System info: os.name: 'Windows 11', os.arch: 'amd64', os.version: '10.0', java.version: '17.0.5'
Driver info: org.openqa.selenium.chrome.ChromeDriver
Capabilities {acceptInsecureCerts: false, browserName: chrome, browserVersion: 118.0.5993.118, chrome: {chromedriverVersion: 118.0.5993.70 (e52f33f30b91..., userDataDir: C:\Users\utsavi\AppData\Loc...}, fedcm:accounts: true, goog:chromeOptions: {debuggerAddress: localhost:55188}, networkConnectionEnabled: false, pageLoadStrategy: normal, platformName: windows, proxy: Proxy(), se:cdp: ws://localhost:55188/devtoo..., se:cdpVersion: 118.0.5993.118, setWindowRect: true, strictFileInteractability: false, timeouts: {implicit: 0, pageLoad: 300000, script: 30000}, unhandledPromptBehavior: dismiss and notify, webauthn:extension:credBlob: true, webauthn:extension:largeBlob: true, webauthn:extension:minPinLength: true, webauthn:extension:prf: true, webauthn:virtualAuthenticators: true}
Session ID: 57b75964205dd41465dceabfbad9f7a4
at org.openqa.selenium.support.ui.WebDriverWait.timeoutException(WebDriverWait.java:84)
at org.openqa.selenium.support.ui.FluentWait.until(FluentWait.java:230)
at project.AbstractComponents.AbstractComponent.waitForElementToAppear(AbstractComponent.java:98)
at home.PageObject.Advance_Search_Filter.switchToFrameAndClickMenu(Advance_Search_Filter.java:725)
at home.PageObject.Advance_Search_Filter.verifyPropertyTypeMatch(Advance_Search_Filter.java:589)
at home.PageObject.Advance_Search_Filter.performSearchforPropertytype(Advance_Search_Filter.java:635)
at home.PageObject.Advance_Search_Filter.AdvanceSearchPropertyType(Advance_Search_Filter.java:580)
at home.AdvanceSearchFilterTest.Verify_In_Advance_search_Property_Type_Criteria_working_or_not(AdvanceSearchFilterTest.java:100)
at java.base/jdk.internal.reflect.NativeMethodAccessorImpl.invoke0(Native Method)
at java.base/jdk.internal.reflect.NativeMethodAccessorImpl.invoke(NativeMethodAccessorImpl.java:77)
at java.base/jdk.internal.reflect.DelegatingMethodAccessorImpl.invoke(DelegatingMethodAccessorImpl.java:43)
at java.base/java.lang.reflect.Method.invoke(Method.java:568)
at org.testng.internal.invokers.MethodInvocationHelper.invokeMethod(MethodInvocationHelper.java:139)
at org.testng.internal.invokers.TestInvoker.invokeMethod(TestInvoker.java:664)
at org.testng.internal.invokers.TestInvoker.invokeTestMethod(TestInvoker.java:227)
at org.testng.internal.invokers.MethodRunner.runInSequence(MethodRunner.java:50)
at org.testng.internal.invokers.TestInvoker$MethodInvocationAgent.invoke(TestInvoker.java:957)
at org.testng.internal.invokers.TestInvoker.invokeTestMethods(TestInvoker.java:200)
at org.testng.internal.invokers.TestMethodWorker.invokeTestMethods(TestMethodWorker.java:148)
at org.testng.internal.invokers.TestMethodWorker.run(TestMethodWorker.java:128)
at java.base/java.util.ArrayList.forEach(ArrayList.java:1511)
at org.testng.TestRunner.privateRun(TestRunner.java:848)
at org.testng.TestRunner.run(TestRunner.java:621)
at org.testng.SuiteRunner.runTest(SuiteRunner.java:443)
at org.testng.SuiteRunner.runSequentially(SuiteRunner.java:437)
at org.testng.SuiteRunner.privateRun(SuiteRunner.java:397)
at org.testng.SuiteRunner.run(SuiteRunner.java:336)
at org.testng.SuiteRunnerWorker.runSuite(SuiteRunnerWorker.java:52)
at org.testng.SuiteRunnerWorker.run(SuiteRunnerWorker.java:95)
at org.testng.TestNG.runSuitesSequentially(TestNG.java:1280)
at org.testng.TestNG.runSuitesLocally(TestNG.java:1200)
at org.testng.TestNG.runSuites(TestNG.java:1114)
at org.testng.TestNG.run(TestNG.java:1082)
at org.testng.remote.AbstractRemoteTestNG.run(AbstractRemoteTestNG.java:115)
at org.testng.remote.RemoteTestNG.initAndRun(RemoteTestNG.java:251)
at org.testng.remote.RemoteTestNG.main(RemoteTestNG.java:77)
]]>
    </error>
  </testcase> <!-- Verify_In_Advance_search_Property_Type_Criteria_working_or_not -->
</testsuite> <!-- home.AdvanceSearchFilterTest -->
