<?xml version="1.0" encoding="UTF-8"?>
<!-- Generated by org.testng.reporters.JUnitReportReporter -->
<testsuite hostname="DESKTOP-VK574E3" failures="0" tests="6" name="home.CreateNewFileTest" time="63.038" errors="0" timestamp="2023-08-25T13:30:37 EDT" skipped="0">
  <testcase classname="home.CreateNewFileTest" name="Verify_Create_New_Sale_File" time="13.336"/>
  <system-out/>
  <testcase classname="home.CreateNewFileTest" name="Verify_Create_button_should_be_Enable_or_Disable_based_on_condition" time="6.362"/>
  <system-out/>
  <testcase classname="home.CreateNewFileTest" name="Verify_Create_New_Mortgage_File" time="14.524"/>
  <system-out/>
  <testcase classname="home.CreateNewFileTest" name="verify_warning_message_while_provide_same_name_that_already_exist_in_database" time="7.922"/>
  <system-out/>
  <testcase classname="home.CreateNewFileTest" name="Verify_Create_New_Purchase_File" time="15.007"/>
  <system-out/>
  <testcase classname="home.CreateNewFileTest" name="verify_Fields_should_be_reflect_based_on_File_types" time="5.887"/>
  <system-out/>
</testsuite> <!-- home.CreateNewFileTest -->
