<?xml version="1.0" encoding="UTF-8"?>
<!-- Generated by org.testng.reporters.JUnitReportReporter -->
<testsuite hostname="DESKTOP-VK574E3" failures="0" tests="1" name="home.AdvanceSearchFilterTest" time="366.182" errors="0" timestamp="2023-08-11T15:31:08 EDT" skipped="0">
  <testcase classname="home.AdvanceSearchFilterTest" name="Verify_different_criteria_for_advanced_search_filter" time="366.182"/>
  <system-out/>
</testsuite> <!-- home.AdvanceSearchFilterTest -->
