<?xml version="1.0" encoding="UTF-8"?>
<!-- Generated by org.testng.reporters.JUnitReportReporter -->
<testsuite hostname="DESKTOP-VK574E3" failures="0" tests="9" name="details_section.Contract.ContractTest" time="509.001" errors="0" timestamp="2023-10-27T11:30:33 EDT" skipped="0">
  <testcase classname="details_section.Contract.ContractTest" name="Verify_in_RealEstateCommissions_section_Broker_contractPrice_functionality_working_proper_or_not" time="55.778"/>
  <testcase classname="details_section.Contract.ContractTest" name="Verify_in_Deposit_section_Deposit_field_working_proper_or_not" time="50.866"/>
  <testcase classname="details_section.Contract.ContractTest" name="Verify_in_HST_section_HST_functionality_working_proper_or_not" time="54.661"/>
  <testcase classname="details_section.Contract.ContractTest" name="Verify_Lawyer_field_with_Law_Society_of_Ontario_functionality" time="64.390"/>
  <testcase classname="details_section.Contract.ContractTest" name="Verify_To_Reside_at_Property_on_Closing_field_based_on_Yes_or_No_changes" time="50.282"/>
  <testcase classname="details_section.Contract.ContractTest" name="Verify_in_Consideration_section_Consideration_field_working_proper_or_not" time="54.933"/>
  <testcase classname="details_section.Contract.ContractTest" name="Verify_in_Contract_section_Closing_date_field_working_proper_or_not" time="51.349"/>
  <testcase classname="details_section.Contract.ContractTest" name="Verify_in_Contract_section_offer_conditional_date_field_working_proper_or_not" time="50.260"/>
  <testcase classname="details_section.Contract.ContractTest" name="Verify_in_RealEstateCommissions_section_Broker_functionality_working_proper_or_not" time="76.482"/>
</testsuite> <!-- details_section.Contract.ContractTest -->
