<?xml version="1.0" encoding="UTF-8"?>
<!-- Generated by org.testng.reporters.JUnitReportReporter -->
<testsuite hostname="DESKTOP-MFUE418" failures="0" tests="6" name="home.CreateNewFileTest" time="60.074" errors="0" timestamp="2023-08-09T14:52:05 EDT" skipped="0">
  <testcase classname="home.CreateNewFileTest" name="Verify_Create_button_should_be_Enable_or_Disable_based_on_condition" time="6.268"/>
  <system-out/>
  <testcase classname="home.CreateNewFileTest" name="Verify_Create_New_Purchase_File" time="12.518"/>
  <system-out/>
  <testcase classname="home.CreateNewFileTest" name="Verify_Create_New_Mortgage_File" time="13.781"/>
  <system-out/>
  <testcase classname="home.CreateNewFileTest" name="verify_warning_message_while_provide_same_name_that_already_exist_in_database" time="7.742"/>
  <system-out/>
  <testcase classname="home.CreateNewFileTest" name="Verify_Create_New_Sale_File" time="14.052"/>
  <system-out/>
  <testcase classname="home.CreateNewFileTest" name="verify_Fields_should_be_reflect_based_on_File_types" time="5.713"/>
  <system-out/>
</testsuite> <!-- home.CreateNewFileTest -->
