<?xml version="1.0" encoding="UTF-8"?>
<!-- Generated by org.testng.reporters.JUnitReportReporter -->
<testsuite hostname="DESKTOP-MFUE418" failures="0" tests="2" name="ldd.tests.UserManagementTest" time="10.987" errors="0" timestamp="2023-01-12T12:17:29 EST" skipped="0">
  <testcase classname="ldd.tests.UserManagementTest" name="Verify_User_management_Option_available_or_not" time="4.573"/>
  <system-out/>
  <testcase classname="ldd.tests.UserManagementTest" name="Verify_New_User_Functionality" time="6.414"/>
  <system-out/>
</testsuite> <!-- ldd.tests.UserManagementTest -->
