<?xml version="1.0" encoding="UTF-8"?>
<!-- Generated by org.testng.reporters.JUnitReportReporter -->
<testsuite hostname="DESKTOP-VK574E3" failures="0" tests="4" name="details_section.Contract.PropertyTest" time="209.088" errors="0" timestamp="2023-10-27T11:30:33 EDT" skipped="0">
  <testcase classname="details_section.Contract.PropertyTest" name="Verify_Property_address_different_fields_and_also_verify_in_Basic_tab" time="51.716"/>
  <testcase classname="details_section.Contract.PropertyTest" name="Verify_In_Property_Section_Property_type_Dropdown_options" time="51.633"/>
  <testcase classname="details_section.Contract.PropertyTest" name="Verify_In_Survey_Section_Survey_options_Yes_or_No_working_proper_or_not" time="51.028"/>
  <testcase classname="details_section.Contract.PropertyTest" name="Verify_PostalCode_In_Property_address_Section" time="54.711"/>
</testsuite> <!-- details_section.Contract.PropertyTest -->
