<?xml version="1.0" encoding="UTF-8"?>
<!-- Generated by org.testng.reporters.JUnitReportReporter -->
<testsuite hostname="DESKTOP-MFUE418" failures="0" tests="1" name="project.tests.LoginTest" time="4.142" errors="0" timestamp="2023-09-13T15:03:27 EDT" skipped="0">
  <testcase classname="project.tests.LoginTest" name="VerifyLogin" time="4.142"/>
  <system-out/>
</testsuite> <!-- project.tests.LoginTest -->
