<?xml version="1.0" encoding="UTF-8"?>
<!-- Generated by org.testng.reporters.JUnitReportReporter -->
<testsuite hostname="DESKTOP-MFUE418" failures="0" tests="1" name="project.tests.LoginTest" time="5.116" errors="0" timestamp="2023-09-22T14:08:59 EDT" skipped="0">
  <testcase classname="project.tests.LoginTest" name="VerifyLogin" time="5.116"/>
  <system-out/>
</testsuite> <!-- project.tests.LoginTest -->
