<?xml version="1.0" encoding="UTF-8"?>
<!-- Generated by org.testng.reporters.JUnitReportReporter -->
<testsuite hostname="DESKTOP-VK574E3" failures="0" tests="4" name="loginPage.LoginPageTest" time="46.586" errors="0" timestamp="2023-10-31T16:03:59 EDT" skipped="0">
  <testcase classname="loginPage.LoginPageTest" name="Verify_validation_when_password_is_wrong" time="12.560"/>
  <testcase classname="loginPage.LoginPageTest" name="Verify_Login_Page_Working_Proper_Or_Not" time="15.523"/>
  <testcase classname="loginPage.LoginPageTest" name="Verify_validation_when_username_is_wrong" time="6.027"/>
  <testcase classname="loginPage.LoginPageTest" name="Verify_validation_when_AccountName_is_wrong" time="12.476"/>
</testsuite> <!-- loginPage.LoginPageTest -->
