<?xml version="1.0" encoding="UTF-8"?>
<!-- Generated by org.testng.reporters.JUnitReportReporter -->
<testsuite hostname="DESKTOP-VK574E3" failures="0" tests="1" name="details_section.Contract.BasicTest" time="71.981" errors="0" timestamp="2023-10-17T09:44:34 EDT" skipped="0">
  <testcase classname="details_section.Contract.BasicTest" name="Verify_In_BasicSection_Transferor_Different_Criteria_working_proper_or_not" time="71.981"/>
</testsuite> <!-- details_section.Contract.BasicTest -->
