<?xml version="1.0" encoding="UTF-8"?>
<!-- Generated by org.testng.reporters.JUnitReportReporter -->
<testsuite hostname="DESKTOP-VK574E3" failures="0" tests="2" name="details_section.Buyer_Seller_Side.Seller_SideTest" time="105.134" errors="0" timestamp="2023-11-17T10:57:36 EST" skipped="0">
  <testcase classname="details_section.Buyer_Seller_Side.Seller_SideTest" name="Verify_Seller_Side_all_Three_options_working_proper_or_not" time="50.286"/>
  <testcase classname="details_section.Buyer_Seller_Side.Seller_SideTest" name="Verify_In_Seller_Side_Move_Up_Move_Down_Delete_and_ID_Verification_icon_working_proper_or_not" time="54.848"/>
</testsuite> <!-- details_section.Buyer_Seller_Side.Seller_SideTest -->
