<?xml version="1.0" encoding="UTF-8"?>
<!-- Generated by org.testng.reporters.JUnitReportReporter -->
<testsuite hostname="DESKTOP-VK574E3" failures="0" tests="1" name="details_section.Contract.BasicTest" time="63.541" errors="0" timestamp="2023-10-06T16:30:57 EDT" skipped="0">
  <testcase classname="details_section.Contract.BasicTest" name="Verify_In_BasicSection_File_Details_Responsible_Lawyer_working_proper_or_not" time="63.541"/>
</testsuite> <!-- details_section.Contract.BasicTest -->
