<?xml version="1.0" encoding="UTF-8"?>
<!-- Generated by org.testng.reporters.JUnitReportReporter -->
<testsuite hostname="DESKTOP-MFUE418" failures="0" tests="4" name="loginPage.LoginPageTest" time="12.142" errors="0" timestamp="2023-08-09T15:33:55 EDT" skipped="0">
  <testcase classname="loginPage.LoginPageTest" name="Verify_validation_when_password_is_wrong" time="2.484"/>
  <system-out/>
  <testcase classname="loginPage.LoginPageTest" name="Verify_validation_when_AccountName_is_wrong" time="2.713"/>
  <system-out/>
  <testcase classname="loginPage.LoginPageTest" name="Verify_Login_Page_Working_Proper_Or_Not" time="4.492"/>
  <system-out/>
  <testcase classname="loginPage.LoginPageTest" name="Verify_validation_when_username_is_wrong" time="2.453"/>
  <system-out/>
</testsuite> <!-- loginPage.LoginPageTest -->
