<?xml version="1.0" encoding="UTF-8"?>
<!-- Generated by org.testng.reporters.JUnitReportReporter -->
<testsuite hostname="DESKTOP-VK574E3" failures="0" tests="4" name="loginPage.LoginPageTest" time="24.689" errors="0" timestamp="2023-07-31T15:04:42 EDT" skipped="0">
  <testcase classname="loginPage.LoginPageTest" name="Verify_validation_when_password_is_wrong" time="5.442"/>
  <system-out/>
  <testcase classname="loginPage.LoginPageTest" name="Verify_validation_when_AccountName_is_wrong" time="5.708"/>
  <system-out/>
  <testcase classname="loginPage.LoginPageTest" name="Verify_Login_Page_Working_Proper_Or_Not" time="7.860"/>
  <system-out/>
  <testcase classname="loginPage.LoginPageTest" name="Verify_validation_when_username_is_wrong" time="5.679"/>
  <system-out/>
</testsuite> <!-- loginPage.LoginPageTest -->
