<?xml version="1.0" encoding="UTF-8"?>
<!-- Generated by org.testng.reporters.JUnitReportReporter -->
<testsuite hostname="DESKTOP-VK574E3" failures="0" tests="12" name="home.AdvanceSearchFilterTest" time="613.331" errors="0" timestamp="2023-08-25T13:30:37 EDT" skipped="0">
  <testcase classname="home.AdvanceSearchFilterTest" name="Verify_Cancel_button_working_or_not" time="13.022"/>
  <system-out/>
  <testcase classname="home.AdvanceSearchFilterTest" name="Verify_In_Advance_search_File_Status_Critria_working_or_not" time="26.921"/>
  <system-out/>
  <testcase classname="home.AdvanceSearchFilterTest" name="Verify_In_Advance_search_File_Types_Criteria_working_or_not" time="46.059"/>
  <system-out/>
  <testcase classname="home.AdvanceSearchFilterTest" name="Verify_In_Advance_search_Lawyer_name_Criteria_working_or_not" time="34.049"/>
  <system-out/>
  <testcase classname="home.AdvanceSearchFilterTest" name="Verify_In_Advance_search_Other_side_File_name_Criteria_working_or_not" time="56.906"/>
  <system-out/>
  <testcase classname="home.AdvanceSearchFilterTest" name="Verify_In_Advance_search_Property_Type_Criteria_working_or_not" time="89.465"/>
  <system-out/>
  <testcase classname="home.AdvanceSearchFilterTest" name="Verify_In_Advance_search_Firm_Contact_Critria_working_or_not" time="56.804"/>
  <system-out/>
  <testcase classname="home.AdvanceSearchFilterTest" name="Verify_In_Advance_search_Responsible_Lawyer_Critria_working_or_not" time="57.180"/>
  <system-out/>
  <testcase classname="home.AdvanceSearchFilterTest" name="Verify_In_Advance_search_Client_name_Criteria_working_or_not" time="45.472"/>
  <system-out/>
  <testcase classname="home.AdvanceSearchFilterTest" name="Verify_In_Advance_search_Closing_date_Criteria_working_or_not" time="23.619"/>
  <system-out/>
  <testcase classname="home.AdvanceSearchFilterTest" name="Verify_In_Advance_search_Reline_Criteria_working_or_not" time="129.055"/>
  <system-out/>
  <testcase classname="home.AdvanceSearchFilterTest" name="Verify_In_Advance_search_Address_Criteria_working_or_not" time="34.779"/>
  <system-out/>
</testsuite> <!-- home.AdvanceSearchFilterTest -->
