<?xml version="1.0" encoding="UTF-8"?>
<!-- Generated by org.testng.reporters.JUnitReportReporter -->
<testsuite hostname="DESKTOP-VK574E3" failures="0" tests="4" name="loginPage.LoginPageTest" time="10.950" errors="0" timestamp="2023-08-25T13:30:37 EDT" skipped="0">
  <testcase classname="loginPage.LoginPageTest" name="Verify_validation_when_AccountName_is_wrong" time="3.517"/>
  <system-out/>
  <testcase classname="loginPage.LoginPageTest" name="Verify_Login_Page_Working_Proper_Or_Not" time="2.939"/>
  <system-out/>
  <testcase classname="loginPage.LoginPageTest" name="Verify_validation_when_username_is_wrong" time="2.303"/>
  <system-out/>
  <testcase classname="loginPage.LoginPageTest" name="Verify_validation_when_password_is_wrong" time="2.191"/>
  <system-out/>
</testsuite> <!-- loginPage.LoginPageTest -->
