<?xml version="1.0" encoding="UTF-8"?>
<!-- Generated by org.testng.reporters.JUnitReportReporter -->
<testsuite hostname="DESKTOP-VK574E3" failures="0" tests="1" name="home.CreateNewFileTest" time="44.541" errors="0" timestamp="2023-10-06T14:38:17 EDT" skipped="0">
  <testcase classname="home.CreateNewFileTest" name="verify_warning_message_while_provide_same_name_that_already_exist_in_database" time="44.541"/>
</testsuite> <!-- home.CreateNewFileTest -->
