<?xml version="1.0" encoding="UTF-8"?>
<!-- Generated by org.testng.reporters.JUnitReportReporter -->
<testsuite hostname="DESKTOP-MFUE418" failures="0" tests="2" name="company.tests.UserManagementTest" time="52.999" errors="0" timestamp="2023-01-11T16:44:40 EST" skipped="0">
  <testcase classname="company.tests.UserManagementTest" name="Verify_User_management_Option_available_or_not" time="17.356"/>
  <system-out/>
  <testcase classname="company.tests.UserManagementTest" name="Verify_New_User_Functionality" time="35.643"/>
  <system-out/>
</testsuite> <!-- company.tests.UserManagementTest -->
