<?xml version="1.0" encoding="UTF-8"?>
<!-- Generated by org.testng.reporters.JUnitReportReporter -->
<testsuite hostname="DESKTOP-VK574E3" failures="0" tests="6" name="home.CreateNewFileTest" time="77.792" errors="0" timestamp="2023-10-27T11:08:10 EDT" skipped="0">
  <testcase classname="home.CreateNewFileTest" name="Verify_Create_New_Sale_File" time="16.068"/>
  <testcase classname="home.CreateNewFileTest" name="verify_Fields_should_be_reflect_based_on_File_types" time="8.186"/>
  <testcase classname="home.CreateNewFileTest" name="verify_warning_message_while_provide_same_name_that_already_exist_in_database" time="10.534"/>
  <testcase classname="home.CreateNewFileTest" name="Verify_Create_New_Mortgage_File" time="16.906"/>
  <testcase classname="home.CreateNewFileTest" name="Verify_Create_button_should_be_Enable_or_Disable_based_on_condition" time="8.911"/>
  <testcase classname="home.CreateNewFileTest" name="Verify_Create_New_Purchase_File" time="17.187"/>
</testsuite> <!-- home.CreateNewFileTest -->
