<?xml version="1.0" encoding="UTF-8"?>
<!-- Generated by org.testng.reporters.JUnitReportReporter -->
<testsuite hostname="DESKTOP-VK574E3" failures="0" tests="6" name="home.CreateNewFileTest" time="60.438" errors="0" timestamp="2023-08-02T13:25:38 EDT" skipped="0">
  <testcase classname="home.CreateNewFileTest" name="Verify_Create_New_Sale_File" time="15.048"/>
  <system-out/>
  <testcase classname="home.CreateNewFileTest" name="Verify_Create_New_Purchase_File" time="11.137"/>
  <system-out/>
  <testcase classname="home.CreateNewFileTest" name="verify_Fields_should_be_reflect_based_on_File_types" time="6.364"/>
  <system-out/>
  <testcase classname="home.CreateNewFileTest" name="Verify_Create_New_Mortgage_File" time="12.522"/>
  <system-out/>
  <testcase classname="home.CreateNewFileTest" name="Verify_Create_button_should_be_Disable_based_on_condition" time="7.101"/>
  <system-out/>
  <testcase classname="home.CreateNewFileTest" name="verify_warning_message_while_provide_same_name_that_already_exist_in_database" time="8.266"/>
  <system-out/>
</testsuite> <!-- home.CreateNewFileTest -->
