<?xml version="1.0" encoding="UTF-8"?>
<!-- Generated by org.testng.reporters.JUnitReportReporter -->
<testsuite hostname="DESKTOP-MFUE418" failures="0" tests="1" name="cucumberOptions.TestNGTestRunner" time="4.231" errors="0" timestamp="2023-09-22T14:16:00 EDT" skipped="0">
  <testcase classname="cucumberOptions.TestNGTestRunner" name="runScenario" time="4.231"/>
  <system-out/>
</testsuite> <!-- cucumberOptions.TestNGTestRunner -->
