<?xml version="1.0" encoding="UTF-8"?>
<!-- Generated by org.testng.reporters.JUnitReportReporter -->
<testsuite hostname="DESKTOP-MFUE418" failures="0" tests="1" name="cucumberOptions.TestNGTestRunner" time="3.880" errors="0" timestamp="2023-09-13T16:21:45 EDT" skipped="0">
  <testcase classname="cucumberOptions.TestNGTestRunner" name="runScenario" time="3.880"/>
  <system-out/>
</testsuite> <!-- cucumberOptions.TestNGTestRunner -->
