<?xml version="1.0" encoding="UTF-8"?>
<!-- Generated by org.testng.reporters.JUnitReportReporter -->
<testsuite hostname="DESKTOP-VK574E3" failures="0" tests="4" name="details_section.Contract.PropertyTest" time="178.588" errors="0" timestamp="2024-01-05T09:52:09 EST" skipped="0">
  <testcase classname="details_section.Contract.PropertyTest" name="Verify_In_Property_Section_Property_type_Dropdown_options" time="44.655"/>
  <testcase classname="details_section.Contract.PropertyTest" name="Verify_Property_address_different_fields_and_also_verify_in_Basic_tab" time="42.048"/>
  <testcase classname="details_section.Contract.PropertyTest" name="Verify_In_Survey_Section_Survey_options_Yes_or_No_working_proper_or_not" time="41.585"/>
  <testcase classname="details_section.Contract.PropertyTest" name="Verify_PostalCode_In_Property_address_Section" time="50.300"/>
</testsuite> <!-- details_section.Contract.PropertyTest -->
