<?xml version="1.0" encoding="UTF-8"?>
<!-- Generated by org.testng.reporters.JUnitReportReporter -->
<testsuite hostname="DESKTOP-VK574E3" failures="0" tests="2" name="home.FileListTest" time="219.063" errors="0" timestamp="2023-10-06T15:07:16 EDT" skipped="0">
  <testcase classname="home.FileListTest" name="Verify_Free_search_Functionality_working_or_not" time="179.211"/>
  <testcase classname="home.FileListTest" name="Verify_Archive_and_Activate_option_working_proper_or_not" time="39.852"/>
</testsuite> <!-- home.FileListTest -->
