<?xml version="1.0" encoding="UTF-8"?>
<!-- Generated by org.testng.reporters.JUnitReportReporter -->
<testsuite hostname="DESKTOP-VK574E3" failures="0" tests="2" name="menubar_MainPage.MainPageTest" time="13.929" errors="0" timestamp="2023-01-30T16:25:27 EST" skipped="0">
  <testcase classname="menubar_MainPage.MainPageTest" name="Verify_Create_New__File_Option" time="6.232"/>
  <system-out/>
  <testcase classname="menubar_MainPage.MainPageTest" name="Verify_Purchase_File_is_open_or_not" time="7.697"/>
  <system-out/>
</testsuite> <!-- menubar_MainPage.MainPageTest -->
