<?xml version="1.0" encoding="UTF-8"?>
<!-- Generated by org.testng.reporters.JUnitReportReporter -->
<testsuite hostname="DESKTOP-VK574E3" failures="0" tests="6" name="home.CreateNewFileTest" time="71.429" errors="0" timestamp="2023-08-31T12:35:00 EDT" skipped="0">
  <testcase classname="home.CreateNewFileTest" name="Verify_Create_New_Mortgage_File" time="15.226"/>
  <testcase classname="home.CreateNewFileTest" name="Verify_Create_New_Purchase_File" time="13.839"/>
  <testcase classname="home.CreateNewFileTest" name="verify_Fields_should_be_reflect_based_on_File_types" time="12.438"/>
  <testcase classname="home.CreateNewFileTest" name="Verify_Create_New_Sale_File" time="15.142"/>
  <testcase classname="home.CreateNewFileTest" name="Verify_Create_button_should_be_Enable_or_Disable_based_on_condition" time="6.598"/>
  <testcase classname="home.CreateNewFileTest" name="verify_warning_message_while_provide_same_name_that_already_exist_in_database" time="8.186"/>
</testsuite> <!-- home.CreateNewFileTest -->
