<?xml version="1.0" encoding="UTF-8"?>
<!-- Generated by org.testng.reporters.JUnitReportReporter -->
<testsuite hostname="DESKTOP-MFUE418" failures="0" tests="6" name="home.CreateNewFileTest" time="59.780" errors="0" timestamp="2023-08-09T15:08:28 EDT" skipped="0">
  <testcase classname="home.CreateNewFileTest" name="Verify_Create_New_Mortgage_File" time="13.281"/>
  <system-out/>
  <testcase classname="home.CreateNewFileTest" name="Verify_Create_New_Purchase_File" time="10.968"/>
  <system-out/>
  <testcase classname="home.CreateNewFileTest" name="Verify_Create_New_Sale_File" time="15.596"/>
  <system-out/>
  <testcase classname="home.CreateNewFileTest" name="Verify_Create_button_should_be_Enable_or_Disable_based_on_condition" time="6.348"/>
  <system-out/>
  <testcase classname="home.CreateNewFileTest" name="verify_Fields_should_be_reflect_based_on_File_types" time="5.675"/>
  <system-out/>
  <testcase classname="home.CreateNewFileTest" name="verify_warning_message_while_provide_same_name_that_already_exist_in_database" time="7.912"/>
  <system-out/>
</testsuite> <!-- home.CreateNewFileTest -->
