<?xml version="1.0" encoding="UTF-8"?>
<!-- Generated by org.testng.reporters.JUnitReportReporter -->
<testsuite hostname="DESKTOP-MFUE418" failures="0" tests="1" name="company.tests.LoginTest2" time="6.512" errors="0" timestamp="2023-01-10T09:28:42 EST" skipped="0">
  <testcase classname="company.tests.LoginTest2" name="Loginsecond" time="6.512"/>
  <system-out/>
</testsuite> <!-- company.tests.LoginTest2 -->
