<?xml version="1.0" encoding="UTF-8"?>
<!-- Generated by org.testng.reporters.JUnitReportReporter -->
<testsuite hostname="DESKTOP-VK574E3" failures="0" tests="1" name="details_section.Additional_Parties.Additional_PartiesTest" time="98.925" errors="0" timestamp="2023-12-20T16:01:41 EST" skipped="0">
  <testcase classname="details_section.Additional_Parties.Additional_PartiesTest" name="Verify_additional_parties_Search_functionality_working_proper_or_not" time="98.925"/>
</testsuite> <!-- details_section.Additional_Parties.Additional_PartiesTest -->
