<?xml version="1.0" encoding="UTF-8"?>
<!-- Generated by org.testng.reporters.JUnitReportReporter -->
<testsuite hostname="DESKTOP-MFUE418" failures="0" tests="1" name="company.tests.Grammarly3Test" time="28.180" errors="0" timestamp="03 Jan. 2023 18:48:09 GMT" skipped="0">
  <testcase classname="company.tests.Grammarly3Test" name="NegativeTestcase" time="28.180"/>
</testsuite> <!-- company.tests.Grammarly3Test -->
