<?xml version="1.0" encoding="UTF-8"?>
<!-- Generated by org.testng.reporters.JUnitReportReporter -->
<testsuite hostname="DESKTOP-MFUE418" failures="0" tests="1" name="company.tests.Grammarly1Test" time="34.617" errors="0" timestamp="03 Jan. 2023 18:48:09 GMT" skipped="0">
  <testcase classname="company.tests.Grammarly1Test" name="GrammarlyTestcase" time="34.617"/>
</testsuite> <!-- company.tests.Grammarly1Test -->
