<?xml version="1.0" encoding="UTF-8"?>
<!-- Generated by org.testng.reporters.JUnitReportReporter -->
<testsuite hostname="DESKTOP-MFUE418" failures="0" tests="1" name="company.tests.Grammarly2Test" time="26.637" errors="0" timestamp="03 Jan. 2023 18:48:09 GMT" skipped="0">
  <testcase classname="company.tests.Grammarly2Test" name="PositiveTestcase" time="26.637"/>
</testsuite> <!-- company.tests.Grammarly2Test -->
